模型训练开始
Epoch 1/30: 100%|████████████| 197/197 [00:29<00:00,  6.66it/s]
====================
Epoch 1/30
train_loss=0.4511
valid_loss=0.4202
valid_auc=0.9497517883428966
====================
Epoch 2/30: 100%|████████████| 197/197 [00:29<00:00,  6.67it/s]
====================
Epoch 2/30
train_loss=0.4203
valid_loss=0.4152
valid_auc=0.9503693582962952
====================
Epoch 3/30: 100%|████████████| 197/197 [00:29<00:00,  6.64it/s]
====================
Epoch 3/30
train_loss=0.4183
valid_loss=0.4130
valid_auc=0.9524249839983214
====================
Epoch 4/30: 100%|████████████| 197/197 [00:29<00:00,  6.69it/s]
====================
Epoch 4/30
train_loss=0.4164
valid_loss=0.4116
valid_auc=0.9529952069219593
====================
Epoch 5/30: 100%|████████████| 197/197 [00:27<00:00,  7.27it/s]
====================
Epoch 5/30
train_loss=0.4156
valid_loss=0.4129
valid_auc=0.9526535584013113
====================
Epoch 6/30: 100%|████████████| 197/197 [00:25<00:00,  7.77it/s]
====================
Epoch 6/30
train_loss=0.4138
valid_loss=0.4156
valid_auc=0.9508483426113417
====================
Epoch 7/30: 100%|████████████| 197/197 [00:25<00:00,  7.65it/s]
====================
Epoch 7/30
train_loss=0.4129
valid_loss=0.4145
valid_auc=0.9538795082790398
====================
Epoch 8/30: 100%|████████████| 197/197 [00:27<00:00,  7.23it/s]
====================
Epoch 8/30
train_loss=0.4125
valid_loss=0.4146
valid_auc=0.9502604013116598
====================
Epoch 9/30: 100%|████████████| 197/197 [00:28<00:00,  6.99it/s]
====================
Epoch 9/30
train_loss=0.4114
valid_loss=0.4138
valid_auc=0.9483358621842656
====================
Epoch 10/30: 100%|███████████| 197/197 [00:29<00:00,  6.63it/s]
====================
Epoch 10/30
train_loss=0.4107
valid_loss=0.4135
valid_auc=0.9467795859017014
====================
Epoch 11/30: 100%|███████████| 197/197 [00:29<00:00,  6.61it/s]
====================
Epoch 11/30
train_loss=0.4100
valid_loss=0.4130
valid_auc=0.9423907220995495
====================
Epoch 12/30: 100%|███████████| 197/197 [00:29<00:00,  6.67it/s]
====================
Epoch 12/30
train_loss=0.4093
valid_loss=0.4115
valid_auc=0.9478301165045716
====================
Epoch 13/30: 100%|███████████| 197/197 [00:29<00:00,  6.66it/s]
====================
Epoch 13/30
train_loss=0.4087
valid_loss=0.4120
valid_auc=0.9468842051926165
====================
Epoch 14/30: 100%|███████████| 197/197 [00:29<00:00,  6.61it/s]
====================
Epoch 14/30
train_loss=0.4074
valid_loss=0.4122
valid_auc=0.9447837321487362
====================
Epoch 15/30: 100%|███████████| 197/197 [00:29<00:00,  6.62it/s]
====================
Epoch 15/30
train_loss=0.4070
valid_loss=0.4137
valid_auc=0.9478303370652693
====================
Epoch 16/30: 100%|███████████| 197/197 [00:29<00:00,  6.66it/s]
====================
Epoch 16/30
train_loss=0.4078
valid_loss=0.4127
valid_auc=0.9473820842074276
====================
Epoch 17/30: 100%|███████████| 197/197 [00:29<00:00,  6.61it/s]
====================
Epoch 17/30
train_loss=0.4069
valid_loss=0.4111
valid_auc=0.9428591195011092
====================
Epoch 18/30: 100%|███████████| 197/197 [00:29<00:00,  6.66it/s]
====================
Epoch 18/30
train_loss=0.4063
valid_loss=0.4136
valid_auc=0.9437034258516841
====================
Epoch 19/30: 100%|███████████| 197/197 [00:29<00:00,  6.62it/s]
====================
Epoch 19/30
train_loss=0.4055
valid_loss=0.4119
valid_auc=0.9420051084798384
====================
Epoch 20/30: 100%|███████████| 197/197 [00:29<00:00,  6.60it/s]
====================
Epoch 20/30
train_loss=0.4048
valid_loss=0.4148
valid_auc=0.9377699754839433
====================
Epoch 21/30: 100%|███████████| 197/197 [00:26<00:00,  7.49it/s]
====================
Epoch 21/30
train_loss=0.4046
valid_loss=0.4164
valid_auc=0.94130269617808
====================
Epoch 22/30: 100%|███████████| 197/197 [00:26<00:00,  7.52it/s]
====================
Epoch 22/30
train_loss=0.4044
valid_loss=0.4123
valid_auc=0.9456370814879143
====================
Epoch 23/30: 100%|███████████| 197/197 [00:27<00:00,  7.15it/s]
====================
Epoch 23/30
train_loss=0.4034
valid_loss=0.4119
valid_auc=0.9405591860663279
====================
Epoch 24/30: 100%|███████████| 197/197 [00:28<00:00,  6.81it/s]
====================
Epoch 24/30
train_loss=0.4026
valid_loss=0.4112
valid_auc=0.9411505828169395
====================
Epoch 25/30: 100%|███████████| 197/197 [00:27<00:00,  7.22it/s]
====================
Epoch 25/30
train_loss=0.4027
valid_loss=0.4110
valid_auc=0.943255908196168
====================
Epoch 26/30: 100%|███████████| 197/197 [00:27<00:00,  7.05it/s]
====================
Epoch 26/30
train_loss=0.4022
valid_loss=0.4104
valid_auc=0.9430378471864322
====================
Epoch 27/30: 100%|███████████| 197/197 [00:29<00:00,  6.69it/s]
====================
Epoch 27/30
train_loss=0.4012
valid_loss=0.4129
valid_auc=0.9414291509780618
====================
Epoch 28/30: 100%|███████████| 197/197 [00:29<00:00,  6.76it/s]
====================
Epoch 28/30
train_loss=0.4012
valid_loss=0.4094
valid_auc=0.9414570151461972
====================
Epoch 29/30: 100%|███████████| 197/197 [00:29<00:00,  6.63it/s]
====================
Epoch 29/30
train_loss=0.4008
valid_loss=0.4126
valid_auc=0.9402507686907914
====================
Epoch 30/30: 100%|███████████| 197/197 [00:32<00:00,  6.13it/s]
====================
Epoch 30/30
train_loss=0.4001
valid_loss=0.4118
valid_auc=0.9396892211545942
====================
模型训练结束
成功保存训练结果